<?xml version="1.0" encoding="UTF-8"?>
<!-- Generated by org.testng.reporters.JUnitReportReporter -->
<testsuite hostname="LAPTOP-DDAIILUL" failures="0" tests="3" name="annotations_TestNG.Anotations" time="55.546" errors="0" timestamp="2023-10-06T21:53:03 IST" skipped="0">
  <testcase classname="annotations_TestNG.Anotations" name="amz" time="24.671"/>
  <testcase classname="annotations_TestNG.Anotations" name="fb" time="15.833"/>
  <testcase classname="annotations_TestNG.Anotations" name="snapdeel" time="15.042"/>
</testsuite> <!-- annotations_TestNG.Anotations -->
