<?xml version="1.0" encoding="UTF-8"?>
<!-- Generated by org.testng.reporters.JUnitReportReporter -->
<testsuite hostname="LAPTOP-DDAIILUL" failures="0" tests="3" name="testNG.Priority_invocation_enabled" time="0.018" errors="0" timestamp="2023-10-04T20:17:54 IST" skipped="1">
  <testcase classname="testNG.Priority_invocation_enabled" name="demo1" time="0.016"/>
  <testcase classname="testNG.Priority_invocation_enabled" name="demo2" time="0.002"/>
  <testcase classname="testNG.Priority_invocation_enabled" name="demo3">
    <skipped/>
  </testcase> <!-- demo3 -->
</testsuite> <!-- testNG.Priority_invocation_enabled -->
