<?xml version="1.0" encoding="UTF-8"?>
<!-- Generated by org.testng.reporters.JUnitReportReporter -->
<testsuite hostname="LAPTOP-DDAIILUL" failures="0" tests="1" name="Sequential_TestNG.facebook" time="19.821" errors="0" timestamp="2023-10-04T20:50:51 IST" skipped="0">
  <testcase classname="Sequential_TestNG.facebook" name="fb" time="19.821"/>
</testsuite> <!-- Sequential_TestNG.facebook -->
