<?xml version="1.0" encoding="UTF-8"?>
<!-- Generated by org.testng.reporters.JUnitReportReporter -->
<testsuite hostname="LAPTOP-DDAIILUL" failures="0" tests="3" name="dataprovider_TestNG.dataproviders" time="58.633" errors="0" timestamp="2023-10-06T20:48:35 IST" skipped="0">
  <testcase classname="dataprovider_TestNG.dataproviders" name="fb" time="24.739"/>
  <testcase classname="dataprovider_TestNG.dataproviders" name="fb" time="19.481"/>
  <testcase classname="dataprovider_TestNG.dataproviders" name="fb" time="14.413"/>
</testsuite> <!-- dataprovider_TestNG.dataproviders -->
