<?xml version="1.0" encoding="UTF-8"?>
<!-- Generated by org.testng.reporters.JUnitReportReporter -->
<testsuite hostname="LAPTOP-DDAIILUL" failures="0" tests="2" name="testNG.Fb_compatability" time="30.503" errors="0" timestamp="2023-10-05T22:40:31 IST" skipped="0">
  <testcase classname="testNG.Fb_compatability" name="fb" time="12.474"/>
  <testcase classname="testNG.Fb_compatability" name="fb" time="18.029"/>
</testsuite> <!-- testNG.Fb_compatability -->
