<?xml version="1.0" encoding="UTF-8"?>
<!-- Generated by org.testng.reporters.JUnitReportReporter -->
<testsuite hostname="LAPTOP-DDAIILUL" failures="0" tests="1" name="failling_TestNG.amz" time="31.313" errors="0" timestamp="2023-10-06T20:21:00 IST" skipped="0">
  <testcase classname="failling_TestNG.amz" name="amz1" time="31.313"/>
</testsuite> <!-- failling_TestNG.amz -->
