<?xml version="1.0" encoding="UTF-8"?>
<!-- Generated by org.testng.reporters.JUnitReportReporter -->
<testsuite hostname="LAPTOP-DDAIILUL" failures="0" tests="1" name="Sequential_TestNG.snapdeel" time="27.611" errors="0" timestamp="2023-10-04T20:50:51 IST" skipped="0">
  <testcase classname="Sequential_TestNG.snapdeel" name="snap" time="27.611"/>
</testsuite> <!-- Sequential_TestNG.snapdeel -->
