<?xml version="1.0" encoding="UTF-8"?>
<!-- Generated by org.testng.reporters.JUnitReportReporter -->
<testsuite hostname="LAPTOP-DDAIILUL" failures="0" tests="1" name="parallel_testNG.FB" time="28.229" errors="0" timestamp="2023-10-05T22:34:16 IST" skipped="0">
  <testcase classname="parallel_testNG.FB" name="fbb" time="28.229"/>
</testsuite> <!-- parallel_testNG.FB -->
