<?xml version="1.0" encoding="UTF-8"?>
<!-- Generated by org.testng.reporters.JUnitReportReporter -->
<testsuite hostname="LAPTOP-DDAIILUL" failures="0" tests="1" name="Sequential_TestNG.Amazon" time="42.437" errors="0" timestamp="2023-10-04T20:50:51 IST" skipped="0">
  <testcase classname="Sequential_TestNG.Amazon" name="amz" time="42.437"/>
</testsuite> <!-- Sequential_TestNG.Amazon -->
