<?xml version="1.0" encoding="UTF-8"?>
<!-- Generated by org.testng.reporters.JUnitReportReporter -->
<testsuite hostname="LAPTOP-DDAIILUL" failures="0" tests="2" name="group_TestNG.Sample1" time="0.023" errors="0" timestamp="2023-10-05T22:27:01 IST" skipped="0">
  <testcase classname="group_TestNG.Sample1" name="demo1" time="0.017"/>
  <testcase classname="group_TestNG.Sample1" name="demo2" time="0.006"/>
</testsuite> <!-- group_TestNG.Sample1 -->
