<?xml version="1.0" encoding="UTF-8"?>
<!-- Generated by org.testng.reporters.JUnitReportReporter -->
<testsuite hostname="LAPTOP-DDAIILUL" failures="0" tests="1" name="parallel_testNG.Amazon" time="35.785" errors="0" timestamp="2023-10-05T22:34:16 IST" skipped="0">
  <testcase classname="parallel_testNG.Amazon" name="amz" time="35.785"/>
</testsuite> <!-- parallel_testNG.Amazon -->
