<?xml version="1.0" encoding="UTF-8"?>
<!-- Generated by org.testng.reporters.JUnitReportReporter -->
<testsuite hostname="LAPTOP-DDAIILUL" failures="0" tests="2" name="group_TestNG.Sample2" time="0.016" errors="0" timestamp="2023-10-05T22:26:21 IST" skipped="0">
  <testcase classname="group_TestNG.Sample2" name="demo6" time="0.003"/>
  <testcase classname="group_TestNG.Sample2" name="demo4" time="0.013"/>
</testsuite> <!-- group_TestNG.Sample2 -->
