<?xml version="1.0" encoding="UTF-8"?>
<!-- Generated by org.testng.reporters.JUnitReportReporter -->
<testsuite hostname="LAPTOP-DDAIILUL" failures="0" tests="2" name="assertions_TestNG.Assertions" time="11.619" errors="0" timestamp="2023-10-05T22:17:51 IST" skipped="0">
  <testcase classname="assertions_TestNG.Assertions" name="fb" time="11.307"/>
  <testcase classname="assertions_TestNG.Assertions" name="quiting" time="0.312"/>
</testsuite> <!-- assertions_TestNG.Assertions -->
